0 info it worked if it ends with ok
1 verbose cli [ 'C:\\Program Files\\nodejs\\node.exe',
1 verbose cli   'C:\\Program Files\\nodejs\\node_modules\\npm\\bin\\npm-cli.js',
1 verbose cli   'run',
1 verbose cli   'devM' ]
2 info using npm@3.10.10
3 info using node@v6.10.0
4 verbose run-script [ 'predevM', 'devM', 'postdevM' ]
5 info lifecycle webpack-gulp@1.0.0~predevM: webpack-gulp@1.0.0
6 silly lifecycle webpack-gulp@1.0.0~predevM: no script for predevM, continuing
7 info lifecycle webpack-gulp@1.0.0~devM: webpack-gulp@1.0.0
8 verbose lifecycle webpack-gulp@1.0.0~devM: unsafe-perm in lifecycle true
9 verbose lifecycle webpack-gulp@1.0.0~devM: PATH: C:\Program Files\nodejs\node_modules\npm\bin\node-gyp-bin;D:\front-end-folder\A-game-website\blockchain-mobile\node_modules\.bin;C:\WINDOWS\system32;C:\WINDOWS;C:\WINDOWS\System32\Wbem;C:\WINDOWS\System32\WindowsPowerShell\v1.0\;C:\Program Files\nodejs\;C:\Program Files\TortoiseSVN\bin;C:\Users\LiuShaoZong\AppData\Local\Microsoft\WindowsApps;C:\Users\LiuShaoZong\AppData\Roaming\npm;C:\Users\LiuShaoZong\AppData\Local\GitHubDesktop\bin;C:\ProgramData\LiuShaoZong\GitHubDesktop\bin
10 verbose lifecycle webpack-gulp@1.0.0~devM: CWD: D:\front-end-folder\A-game-website\blockchain-mobile
11 silly lifecycle webpack-gulp@1.0.0~devM: Args: [ '/d /s /c', 'gulp devM' ]
12 silly lifecycle webpack-gulp@1.0.0~devM: Returned: code: 1  signal: null
13 info lifecycle webpack-gulp@1.0.0~devM: Failed to exec devM script
14 verbose stack Error: webpack-gulp@1.0.0 devM: `gulp devM`
14 verbose stack Exit status 1
14 verbose stack     at EventEmitter.<anonymous> (C:\Program Files\nodejs\node_modules\npm\lib\utils\lifecycle.js:255:16)
14 verbose stack     at emitTwo (events.js:106:13)
14 verbose stack     at EventEmitter.emit (events.js:191:7)
14 verbose stack     at ChildProcess.<anonymous> (C:\Program Files\nodejs\node_modules\npm\lib\utils\spawn.js:40:14)
14 verbose stack     at emitTwo (events.js:106:13)
14 verbose stack     at ChildProcess.emit (events.js:191:7)
14 verbose stack     at maybeClose (internal/child_process.js:877:16)
14 verbose stack     at Process.ChildProcess._handle.onexit (internal/child_process.js:226:5)
15 verbose pkgid webpack-gulp@1.0.0
16 verbose cwd D:\front-end-folder\A-game-website\blockchain-mobile
17 error Windows_NT 10.0.14393
18 error argv "C:\\Program Files\\nodejs\\node.exe" "C:\\Program Files\\nodejs\\node_modules\\npm\\bin\\npm-cli.js" "run" "devM"
19 error node v6.10.0
20 error npm  v3.10.10
21 error code ELIFECYCLE
22 error webpack-gulp@1.0.0 devM: `gulp devM`
22 error Exit status 1
23 error Failed at the webpack-gulp@1.0.0 devM script 'gulp devM'.
23 error Make sure you have the latest version of node.js and npm installed.
23 error If you do, this is most likely a problem with the webpack-gulp package,
23 error not with npm itself.
23 error Tell the author that this fails on your system:
23 error     gulp devM
23 error You can get information on how to open an issue for this project with:
23 error     npm bugs webpack-gulp
23 error Or if that isn't available, you can get their info via:
23 error     npm owner ls webpack-gulp
23 error There is likely additional logging output above.
24 verbose exit [ 1, true ]
